
*** Running vivado
    with args -log system_wrapper.vds -m64 -product Vivado -mode batch -messageDb vivado.pb -notrace -source system_wrapper.tcl


****** Vivado v2019.2 (64-bit)
  **** SW Build 2708876 on Wed Nov  6 21:39:14 MST 2019
  **** IP Build 2700528 on Thu Nov  7 00:09:20 MST 2019
    ** Copyright 1986-2019 Xilinx, Inc. All Rights Reserved.

source system_wrapper.tcl -notrace
INFO: [IP_Flow 19-234] Refreshing IP repositories
INFO: [IP_Flow 19-1704] No user IP repositories specified
INFO: [IP_Flow 19-2313] Loaded Vivado IP repository '/tools/Xilinx/Vivado/2019.2/data/ip'.
add_files: Time (s): cpu = 00:00:43 ; elapsed = 00:00:44 . Memory (MB): peak = 1653.090 ; gain = 198.121 ; free physical = 931 ; free virtual = 7959
Command: synth_design -top system_wrapper -part xc7s50csga324-1 -flatten_hierarchy none
Starting synth_design
Attempting to get a license for feature 'Synthesis' and/or device 'xc7s50'
INFO: [Common 17-349] Got license for feature 'Synthesis' and/or device 'xc7s50'
INFO: [Device 21-403] Loading part xc7s50csga324-1
INFO: Launching helper process for spawning children vivado processes
INFO: Helper process launched with PID 131311 
---------------------------------------------------------------------------------
Starting RTL Elaboration : Time (s): cpu = 00:00:03 ; elapsed = 00:00:05 . Memory (MB): peak = 1892.852 ; gain = 202.719 ; free physical = 381 ; free virtual = 7410
---------------------------------------------------------------------------------
INFO: [Synth 8-6157] synthesizing module 'system_wrapper' [/home/krek07/Documents/PUF1/PUF/BD/system/hdl/system_wrapper.v:12]
INFO: [Synth 8-6157] synthesizing module 'system' [/home/krek07/Documents/PUF1/PUF/BD/system/synth/system.v:921]
INFO: [Synth 8-6157] synthesizing module 'system_arbiter_puf_0_0' [/home/krek07/Documents/PUF1/PUF/PUF.runs/synth_1/.Xil/Vivado-131027-krek07-HP-Laptop-15s-eq2xxx/realtime/system_arbiter_puf_0_0_stub.v:6]
INFO: [Synth 8-6155] done synthesizing module 'system_arbiter_puf_0_0' (1#1) [/home/krek07/Documents/PUF1/PUF/PUF.runs/synth_1/.Xil/Vivado-131027-krek07-HP-Laptop-15s-eq2xxx/realtime/system_arbiter_puf_0_0_stub.v:6]
INFO: [Synth 8-6157] synthesizing module 'system_axi_gpio_0_0' [/home/krek07/Documents/PUF1/PUF/PUF.runs/synth_1/.Xil/Vivado-131027-krek07-HP-Laptop-15s-eq2xxx/realtime/system_axi_gpio_0_0_stub.v:6]
INFO: [Synth 8-6155] done synthesizing module 'system_axi_gpio_0_0' (2#1) [/home/krek07/Documents/PUF1/PUF/PUF.runs/synth_1/.Xil/Vivado-131027-krek07-HP-Laptop-15s-eq2xxx/realtime/system_axi_gpio_0_0_stub.v:6]
INFO: [Synth 8-6157] synthesizing module 'system_axi_gpio_1_0' [/home/krek07/Documents/PUF1/PUF/PUF.runs/synth_1/.Xil/Vivado-131027-krek07-HP-Laptop-15s-eq2xxx/realtime/system_axi_gpio_1_0_stub.v:6]
INFO: [Synth 8-6155] done synthesizing module 'system_axi_gpio_1_0' (3#1) [/home/krek07/Documents/PUF1/PUF/PUF.runs/synth_1/.Xil/Vivado-131027-krek07-HP-Laptop-15s-eq2xxx/realtime/system_axi_gpio_1_0_stub.v:6]
INFO: [Synth 8-6157] synthesizing module 'system_axi_uartlite_0_0' [/home/krek07/Documents/PUF1/PUF/PUF.runs/synth_1/.Xil/Vivado-131027-krek07-HP-Laptop-15s-eq2xxx/realtime/system_axi_uartlite_0_0_stub.v:6]
INFO: [Synth 8-6155] done synthesizing module 'system_axi_uartlite_0_0' (4#1) [/home/krek07/Documents/PUF1/PUF/PUF.runs/synth_1/.Xil/Vivado-131027-krek07-HP-Laptop-15s-eq2xxx/realtime/system_axi_uartlite_0_0_stub.v:6]
WARNING: [Synth 8-7023] instance 'axi_uartlite_0' of module 'system_axi_uartlite_0_0' has 22 connections declared, but only 21 given [/home/krek07/Documents/PUF1/PUF/BD/system/synth/system.v:1108]
INFO: [Synth 8-6157] synthesizing module 'system_clk_wiz_1_0' [/home/krek07/Documents/PUF1/PUF/PUF.runs/synth_1/.Xil/Vivado-131027-krek07-HP-Laptop-15s-eq2xxx/realtime/system_clk_wiz_1_0_stub.v:5]
INFO: [Synth 8-6155] done synthesizing module 'system_clk_wiz_1_0' (5#1) [/home/krek07/Documents/PUF1/PUF/PUF.runs/synth_1/.Xil/Vivado-131027-krek07-HP-Laptop-15s-eq2xxx/realtime/system_clk_wiz_1_0_stub.v:5]
INFO: [Synth 8-6157] synthesizing module 'system_mdm_1_0' [/home/krek07/Documents/PUF1/PUF/PUF.runs/synth_1/.Xil/Vivado-131027-krek07-HP-Laptop-15s-eq2xxx/realtime/system_mdm_1_0_stub.v:6]
INFO: [Synth 8-6155] done synthesizing module 'system_mdm_1_0' (6#1) [/home/krek07/Documents/PUF1/PUF/PUF.runs/synth_1/.Xil/Vivado-131027-krek07-HP-Laptop-15s-eq2xxx/realtime/system_mdm_1_0_stub.v:6]
WARNING: [Synth 8-7023] instance 'mdm_1' of module 'system_mdm_1_0' has 30 connections declared, but only 29 given [/home/krek07/Documents/PUF1/PUF/BD/system/synth/system.v:1134]
INFO: [Synth 8-6157] synthesizing module 'system_microblaze_0_0' [/home/krek07/Documents/PUF1/PUF/PUF.runs/synth_1/.Xil/Vivado-131027-krek07-HP-Laptop-15s-eq2xxx/realtime/system_microblaze_0_0_stub.v:6]
INFO: [Synth 8-6155] done synthesizing module 'system_microblaze_0_0' (7#1) [/home/krek07/Documents/PUF1/PUF/PUF.runs/synth_1/.Xil/Vivado-131027-krek07-HP-Laptop-15s-eq2xxx/realtime/system_microblaze_0_0_stub.v:6]
WARNING: [Synth 8-7023] instance 'microblaze_0' of module 'system_microblaze_0_0' has 52 connections declared, but only 51 given [/home/krek07/Documents/PUF1/PUF/BD/system/synth/system.v:1166]
INFO: [Synth 8-6157] synthesizing module 'system_microblaze_0_axi_periph_0' [/home/krek07/Documents/PUF1/PUF/BD/system/synth/system.v:1353]
INFO: [Synth 8-6157] synthesizing module 'm00_couplers_imp_1RZ0IW6' [/home/krek07/Documents/PUF1/PUF/BD/system/synth/system.v:12]
INFO: [Synth 8-6155] done synthesizing module 'm00_couplers_imp_1RZ0IW6' (8#1) [/home/krek07/Documents/PUF1/PUF/BD/system/synth/system.v:12]
INFO: [Synth 8-6157] synthesizing module 'm01_couplers_imp_K87I2F' [/home/krek07/Documents/PUF1/PUF/BD/system/synth/system.v:144]
INFO: [Synth 8-6155] done synthesizing module 'm01_couplers_imp_K87I2F' (9#1) [/home/krek07/Documents/PUF1/PUF/BD/system/synth/system.v:144]
INFO: [Synth 8-6157] synthesizing module 'm02_couplers_imp_QYRHL1' [/home/krek07/Documents/PUF1/PUF/BD/system/synth/system.v:276]
INFO: [Synth 8-6155] done synthesizing module 'm02_couplers_imp_QYRHL1' (10#1) [/home/krek07/Documents/PUF1/PUF/BD/system/synth/system.v:276]
INFO: [Synth 8-6157] synthesizing module 'm03_couplers_imp_1LIFQL0' [/home/krek07/Documents/PUF1/PUF/BD/system/synth/system.v:408]
INFO: [Synth 8-6155] done synthesizing module 'm03_couplers_imp_1LIFQL0' (11#1) [/home/krek07/Documents/PUF1/PUF/BD/system/synth/system.v:408]
INFO: [Synth 8-6157] synthesizing module 's00_couplers_imp_1LZPV07' [/home/krek07/Documents/PUF1/PUF/BD/system/synth/system.v:774]
INFO: [Synth 8-6155] done synthesizing module 's00_couplers_imp_1LZPV07' (12#1) [/home/krek07/Documents/PUF1/PUF/BD/system/synth/system.v:774]
INFO: [Synth 8-6157] synthesizing module 'system_xbar_0' [/home/krek07/Documents/PUF1/PUF/PUF.runs/synth_1/.Xil/Vivado-131027-krek07-HP-Laptop-15s-eq2xxx/realtime/system_xbar_0_stub.v:6]
INFO: [Synth 8-6155] done synthesizing module 'system_xbar_0' (13#1) [/home/krek07/Documents/PUF1/PUF/PUF.runs/synth_1/.Xil/Vivado-131027-krek07-HP-Laptop-15s-eq2xxx/realtime/system_xbar_0_stub.v:6]
WARNING: [Synth 8-7023] instance 'xbar' of module 'system_xbar_0' has 40 connections declared, but only 38 given [/home/krek07/Documents/PUF1/PUF/BD/system/synth/system.v:2018]
INFO: [Synth 8-6155] done synthesizing module 'system_microblaze_0_axi_periph_0' (14#1) [/home/krek07/Documents/PUF1/PUF/BD/system/synth/system.v:1353]
INFO: [Synth 8-6157] synthesizing module 'microblaze_0_local_memory_imp_OGE0N8' [/home/krek07/Documents/PUF1/PUF/BD/system/synth/system.v:540]
INFO: [Synth 8-6157] synthesizing module 'system_dlmb_bram_if_cntlr_0' [/home/krek07/Documents/PUF1/PUF/PUF.runs/synth_1/.Xil/Vivado-131027-krek07-HP-Laptop-15s-eq2xxx/realtime/system_dlmb_bram_if_cntlr_0_stub.v:6]
INFO: [Synth 8-6155] done synthesizing module 'system_dlmb_bram_if_cntlr_0' (15#1) [/home/krek07/Documents/PUF1/PUF/PUF.runs/synth_1/.Xil/Vivado-131027-krek07-HP-Laptop-15s-eq2xxx/realtime/system_dlmb_bram_if_cntlr_0_stub.v:6]
INFO: [Synth 8-6157] synthesizing module 'system_dlmb_v10_0' [/home/krek07/Documents/PUF1/PUF/PUF.runs/synth_1/.Xil/Vivado-131027-krek07-HP-Laptop-15s-eq2xxx/realtime/system_dlmb_v10_0_stub.v:6]
INFO: [Synth 8-6155] done synthesizing module 'system_dlmb_v10_0' (16#1) [/home/krek07/Documents/PUF1/PUF/PUF.runs/synth_1/.Xil/Vivado-131027-krek07-HP-Laptop-15s-eq2xxx/realtime/system_dlmb_v10_0_stub.v:6]
WARNING: [Synth 8-7023] instance 'dlmb_v10' of module 'system_dlmb_v10_0' has 25 connections declared, but only 24 given [/home/krek07/Documents/PUF1/PUF/BD/system/synth/system.v:686]
INFO: [Synth 8-6157] synthesizing module 'system_ilmb_bram_if_cntlr_0' [/home/krek07/Documents/PUF1/PUF/PUF.runs/synth_1/.Xil/Vivado-131027-krek07-HP-Laptop-15s-eq2xxx/realtime/system_ilmb_bram_if_cntlr_0_stub.v:6]
INFO: [Synth 8-6155] done synthesizing module 'system_ilmb_bram_if_cntlr_0' (17#1) [/home/krek07/Documents/PUF1/PUF/PUF.runs/synth_1/.Xil/Vivado-131027-krek07-HP-Laptop-15s-eq2xxx/realtime/system_ilmb_bram_if_cntlr_0_stub.v:6]
INFO: [Synth 8-6157] synthesizing module 'system_ilmb_v10_0' [/home/krek07/Documents/PUF1/PUF/PUF.runs/synth_1/.Xil/Vivado-131027-krek07-HP-Laptop-15s-eq2xxx/realtime/system_ilmb_v10_0_stub.v:6]
INFO: [Synth 8-6155] done synthesizing module 'system_ilmb_v10_0' (18#1) [/home/krek07/Documents/PUF1/PUF/PUF.runs/synth_1/.Xil/Vivado-131027-krek07-HP-Laptop-15s-eq2xxx/realtime/system_ilmb_v10_0_stub.v:6]
WARNING: [Synth 8-7023] instance 'ilmb_v10' of module 'system_ilmb_v10_0' has 25 connections declared, but only 24 given [/home/krek07/Documents/PUF1/PUF/BD/system/synth/system.v:732]
INFO: [Synth 8-6157] synthesizing module 'system_lmb_bram_0' [/home/krek07/Documents/PUF1/PUF/PUF.runs/synth_1/.Xil/Vivado-131027-krek07-HP-Laptop-15s-eq2xxx/realtime/system_lmb_bram_0_stub.v:6]
INFO: [Synth 8-6155] done synthesizing module 'system_lmb_bram_0' (19#1) [/home/krek07/Documents/PUF1/PUF/PUF.runs/synth_1/.Xil/Vivado-131027-krek07-HP-Laptop-15s-eq2xxx/realtime/system_lmb_bram_0_stub.v:6]
WARNING: [Synth 8-7023] instance 'lmb_bram' of module 'system_lmb_bram_0' has 16 connections declared, but only 14 given [/home/krek07/Documents/PUF1/PUF/BD/system/synth/system.v:757]
INFO: [Synth 8-6155] done synthesizing module 'microblaze_0_local_memory_imp_OGE0N8' (20#1) [/home/krek07/Documents/PUF1/PUF/BD/system/synth/system.v:540]
INFO: [Synth 8-6157] synthesizing module 'system_rst_clk_wiz_1_100M_0' [/home/krek07/Documents/PUF1/PUF/PUF.runs/synth_1/.Xil/Vivado-131027-krek07-HP-Laptop-15s-eq2xxx/realtime/system_rst_clk_wiz_1_100M_0_stub.v:6]
INFO: [Synth 8-6155] done synthesizing module 'system_rst_clk_wiz_1_100M_0' (21#1) [/home/krek07/Documents/PUF1/PUF/PUF.runs/synth_1/.Xil/Vivado-131027-krek07-HP-Laptop-15s-eq2xxx/realtime/system_rst_clk_wiz_1_100M_0_stub.v:6]
WARNING: [Synth 8-7023] instance 'rst_clk_wiz_1_100M' of module 'system_rst_clk_wiz_1_100M_0' has 10 connections declared, but only 8 given [/home/krek07/Documents/PUF1/PUF/BD/system/synth/system.v:1340]
INFO: [Synth 8-6157] synthesizing module 'system_xlconstant_0_0' [/home/krek07/Documents/PUF1/PUF/BD/system/ip/system_xlconstant_0_0/synth/system_xlconstant_0_0.v:57]
INFO: [Synth 8-6157] synthesizing module 'xlconstant_v1_1_6_xlconstant' [/home/krek07/Documents/PUF1/PUF/BD/system/ipshared/34f7/hdl/xlconstant_v1_1_vl_rfs.v:23]
	Parameter CONST_VAL bound to: 1 - type: integer 
	Parameter CONST_WIDTH bound to: 1 - type: integer 
INFO: [Synth 8-6155] done synthesizing module 'xlconstant_v1_1_6_xlconstant' (22#1) [/home/krek07/Documents/PUF1/PUF/BD/system/ipshared/34f7/hdl/xlconstant_v1_1_vl_rfs.v:23]
INFO: [Synth 8-6155] done synthesizing module 'system_xlconstant_0_0' (23#1) [/home/krek07/Documents/PUF1/PUF/BD/system/ip/system_xlconstant_0_0/synth/system_xlconstant_0_0.v:57]
INFO: [Synth 8-6155] done synthesizing module 'system' (24#1) [/home/krek07/Documents/PUF1/PUF/BD/system/synth/system.v:921]
INFO: [Synth 8-6155] done synthesizing module 'system_wrapper' (25#1) [/home/krek07/Documents/PUF1/PUF/BD/system/hdl/system_wrapper.v:12]
WARNING: [Synth 8-3331] design s00_couplers_imp_1LZPV07 has unconnected port M_ACLK
WARNING: [Synth 8-3331] design s00_couplers_imp_1LZPV07 has unconnected port M_ARESETN
WARNING: [Synth 8-3331] design s00_couplers_imp_1LZPV07 has unconnected port S_ACLK
WARNING: [Synth 8-3331] design s00_couplers_imp_1LZPV07 has unconnected port S_ARESETN
WARNING: [Synth 8-3331] design m03_couplers_imp_1LIFQL0 has unconnected port M_ACLK
WARNING: [Synth 8-3331] design m03_couplers_imp_1LIFQL0 has unconnected port M_ARESETN
WARNING: [Synth 8-3331] design m03_couplers_imp_1LIFQL0 has unconnected port S_ACLK
WARNING: [Synth 8-3331] design m03_couplers_imp_1LIFQL0 has unconnected port S_ARESETN
WARNING: [Synth 8-3331] design m02_couplers_imp_QYRHL1 has unconnected port M_ACLK
WARNING: [Synth 8-3331] design m02_couplers_imp_QYRHL1 has unconnected port M_ARESETN
WARNING: [Synth 8-3331] design m02_couplers_imp_QYRHL1 has unconnected port S_ACLK
WARNING: [Synth 8-3331] design m02_couplers_imp_QYRHL1 has unconnected port S_ARESETN
WARNING: [Synth 8-3331] design m01_couplers_imp_K87I2F has unconnected port M_ACLK
WARNING: [Synth 8-3331] design m01_couplers_imp_K87I2F has unconnected port M_ARESETN
WARNING: [Synth 8-3331] design m01_couplers_imp_K87I2F has unconnected port S_ACLK
WARNING: [Synth 8-3331] design m01_couplers_imp_K87I2F has unconnected port S_ARESETN
WARNING: [Synth 8-3331] design m00_couplers_imp_1RZ0IW6 has unconnected port M_ACLK
WARNING: [Synth 8-3331] design m00_couplers_imp_1RZ0IW6 has unconnected port M_ARESETN
WARNING: [Synth 8-3331] design m00_couplers_imp_1RZ0IW6 has unconnected port S_ACLK
WARNING: [Synth 8-3331] design m00_couplers_imp_1RZ0IW6 has unconnected port S_ARESETN
WARNING: [Synth 8-3331] design system_microblaze_0_axi_periph_0 has unconnected port M00_ACLK
WARNING: [Synth 8-3331] design system_microblaze_0_axi_periph_0 has unconnected port M00_ARESETN
WARNING: [Synth 8-3331] design system_microblaze_0_axi_periph_0 has unconnected port M01_ACLK
WARNING: [Synth 8-3331] design system_microblaze_0_axi_periph_0 has unconnected port M01_ARESETN
WARNING: [Synth 8-3331] design system_microblaze_0_axi_periph_0 has unconnected port M02_ACLK
WARNING: [Synth 8-3331] design system_microblaze_0_axi_periph_0 has unconnected port M02_ARESETN
WARNING: [Synth 8-3331] design system_microblaze_0_axi_periph_0 has unconnected port M03_ACLK
WARNING: [Synth 8-3331] design system_microblaze_0_axi_periph_0 has unconnected port M03_ARESETN
WARNING: [Synth 8-3331] design system_microblaze_0_axi_periph_0 has unconnected port S00_ACLK
WARNING: [Synth 8-3331] design system_microblaze_0_axi_periph_0 has unconnected port S00_ARESETN
---------------------------------------------------------------------------------
Finished RTL Elaboration : Time (s): cpu = 00:00:04 ; elapsed = 00:00:07 . Memory (MB): peak = 1958.570 ; gain = 268.438 ; free physical = 430 ; free virtual = 7460
---------------------------------------------------------------------------------

Report Check Netlist: 
+------+------------------+-------+---------+-------+------------------+
|      |Item              |Errors |Warnings |Status |Description       |
+------+------------------+-------+---------+-------+------------------+
|1     |multi_driven_nets |      0|        0|Passed |Multi driven nets |
+------+------------------+-------+---------+-------+------------------+
---------------------------------------------------------------------------------
Start Handling Custom Attributes
---------------------------------------------------------------------------------
---------------------------------------------------------------------------------
Finished Handling Custom Attributes : Time (s): cpu = 00:00:04 ; elapsed = 00:00:07 . Memory (MB): peak = 1958.570 ; gain = 268.438 ; free physical = 426 ; free virtual = 7456
---------------------------------------------------------------------------------
---------------------------------------------------------------------------------
Finished RTL Optimization Phase 1 : Time (s): cpu = 00:00:04 ; elapsed = 00:00:07 . Memory (MB): peak = 1958.570 ; gain = 268.438 ; free physical = 426 ; free virtual = 7456
---------------------------------------------------------------------------------
Netlist sorting complete. Time (s): cpu = 00:00:00.02 ; elapsed = 00:00:00.02 . Memory (MB): peak = 1958.570 ; gain = 0.000 ; free physical = 418 ; free virtual = 7448
INFO: [Project 1-570] Preparing netlist for logic optimization

Processing XDC Constraints
Initializing timing engine
Parsing XDC File [/home/krek07/Documents/PUF1/PUF/BD/system/ip/system_microblaze_0_0/system_microblaze_0_0/system_microblaze_0_0_in_context.xdc] for cell 'system_i/microblaze_0'
Finished Parsing XDC File [/home/krek07/Documents/PUF1/PUF/BD/system/ip/system_microblaze_0_0/system_microblaze_0_0/system_microblaze_0_0_in_context.xdc] for cell 'system_i/microblaze_0'
Parsing XDC File [/home/krek07/Documents/PUF1/PUF/BD/system/ip/system_dlmb_v10_0/system_dlmb_v10_0/system_ilmb_v10_0_in_context.xdc] for cell 'system_i/microblaze_0_local_memory/dlmb_v10'
Finished Parsing XDC File [/home/krek07/Documents/PUF1/PUF/BD/system/ip/system_dlmb_v10_0/system_dlmb_v10_0/system_ilmb_v10_0_in_context.xdc] for cell 'system_i/microblaze_0_local_memory/dlmb_v10'
Parsing XDC File [/home/krek07/Documents/PUF1/PUF/BD/system/ip/system_ilmb_v10_0/system_ilmb_v10_0/system_ilmb_v10_0_in_context.xdc] for cell 'system_i/microblaze_0_local_memory/ilmb_v10'
Finished Parsing XDC File [/home/krek07/Documents/PUF1/PUF/BD/system/ip/system_ilmb_v10_0/system_ilmb_v10_0/system_ilmb_v10_0_in_context.xdc] for cell 'system_i/microblaze_0_local_memory/ilmb_v10'
Parsing XDC File [/home/krek07/Documents/PUF1/PUF/BD/system/ip/system_dlmb_bram_if_cntlr_0/system_dlmb_bram_if_cntlr_0/system_dlmb_bram_if_cntlr_0_in_context.xdc] for cell 'system_i/microblaze_0_local_memory/dlmb_bram_if_cntlr'
Finished Parsing XDC File [/home/krek07/Documents/PUF1/PUF/BD/system/ip/system_dlmb_bram_if_cntlr_0/system_dlmb_bram_if_cntlr_0/system_dlmb_bram_if_cntlr_0_in_context.xdc] for cell 'system_i/microblaze_0_local_memory/dlmb_bram_if_cntlr'
Parsing XDC File [/home/krek07/Documents/PUF1/PUF/BD/system/ip/system_ilmb_bram_if_cntlr_0/system_ilmb_bram_if_cntlr_0/system_ilmb_bram_if_cntlr_0_in_context.xdc] for cell 'system_i/microblaze_0_local_memory/ilmb_bram_if_cntlr'
Finished Parsing XDC File [/home/krek07/Documents/PUF1/PUF/BD/system/ip/system_ilmb_bram_if_cntlr_0/system_ilmb_bram_if_cntlr_0/system_ilmb_bram_if_cntlr_0_in_context.xdc] for cell 'system_i/microblaze_0_local_memory/ilmb_bram_if_cntlr'
Parsing XDC File [/home/krek07/Documents/PUF1/PUF/BD/system/ip/system_lmb_bram_0/system_lmb_bram_0/system_lmb_bram_0_in_context.xdc] for cell 'system_i/microblaze_0_local_memory/lmb_bram'
Finished Parsing XDC File [/home/krek07/Documents/PUF1/PUF/BD/system/ip/system_lmb_bram_0/system_lmb_bram_0/system_lmb_bram_0_in_context.xdc] for cell 'system_i/microblaze_0_local_memory/lmb_bram'
Parsing XDC File [/home/krek07/Documents/PUF1/PUF/BD/system/ip/system_mdm_1_0/system_mdm_1_0/system_mdm_1_0_in_context.xdc] for cell 'system_i/mdm_1'
Finished Parsing XDC File [/home/krek07/Documents/PUF1/PUF/BD/system/ip/system_mdm_1_0/system_mdm_1_0/system_mdm_1_0_in_context.xdc] for cell 'system_i/mdm_1'
Parsing XDC File [/home/krek07/Documents/PUF1/PUF/BD/system/ip/system_clk_wiz_1_0/system_clk_wiz_1_0/system_clk_wiz_1_0_in_context.xdc] for cell 'system_i/clk_wiz_1'
Finished Parsing XDC File [/home/krek07/Documents/PUF1/PUF/BD/system/ip/system_clk_wiz_1_0/system_clk_wiz_1_0/system_clk_wiz_1_0_in_context.xdc] for cell 'system_i/clk_wiz_1'
Parsing XDC File [/home/krek07/Documents/PUF1/PUF/BD/system/ip/system_rst_clk_wiz_1_100M_0/system_rst_clk_wiz_1_100M_0/system_rst_clk_wiz_1_100M_0_in_context.xdc] for cell 'system_i/rst_clk_wiz_1_100M'
Finished Parsing XDC File [/home/krek07/Documents/PUF1/PUF/BD/system/ip/system_rst_clk_wiz_1_100M_0/system_rst_clk_wiz_1_100M_0/system_rst_clk_wiz_1_100M_0_in_context.xdc] for cell 'system_i/rst_clk_wiz_1_100M'
Parsing XDC File [/home/krek07/Documents/PUF1/PUF/BD/system/ip/system_xbar_0/system_xbar_0/system_xbar_0_in_context.xdc] for cell 'system_i/microblaze_0_axi_periph/xbar'
Finished Parsing XDC File [/home/krek07/Documents/PUF1/PUF/BD/system/ip/system_xbar_0/system_xbar_0/system_xbar_0_in_context.xdc] for cell 'system_i/microblaze_0_axi_periph/xbar'
Parsing XDC File [/home/krek07/Documents/PUF1/PUF/BD/system/ip/system_axi_uartlite_0_0/system_axi_uartlite_0_0/system_axi_uartlite_0_0_in_context.xdc] for cell 'system_i/axi_uartlite_0'
Finished Parsing XDC File [/home/krek07/Documents/PUF1/PUF/BD/system/ip/system_axi_uartlite_0_0/system_axi_uartlite_0_0/system_axi_uartlite_0_0_in_context.xdc] for cell 'system_i/axi_uartlite_0'
Parsing XDC File [/home/krek07/Documents/PUF1/PUF/BD/system/ip/system_axi_gpio_0_0/system_axi_gpio_0_0/system_axi_gpio_0_0_in_context.xdc] for cell 'system_i/axi_gpio_0'
Finished Parsing XDC File [/home/krek07/Documents/PUF1/PUF/BD/system/ip/system_axi_gpio_0_0/system_axi_gpio_0_0/system_axi_gpio_0_0_in_context.xdc] for cell 'system_i/axi_gpio_0'
Parsing XDC File [/home/krek07/Documents/PUF1/PUF/BD/system/ip/system_axi_gpio_1_0/system_axi_gpio_1_0/system_axi_gpio_1_0_in_context.xdc] for cell 'system_i/axi_gpio_1'
Finished Parsing XDC File [/home/krek07/Documents/PUF1/PUF/BD/system/ip/system_axi_gpio_1_0/system_axi_gpio_1_0/system_axi_gpio_1_0_in_context.xdc] for cell 'system_i/axi_gpio_1'
Parsing XDC File [/home/krek07/Documents/PUF1/PUF/BD/system/ip/system_arbiter_puf_0_0/system_arbiter_puf_0_0/system_arbiter_puf_0_0_in_context.xdc] for cell 'system_i/arbiter_puf_0'
Finished Parsing XDC File [/home/krek07/Documents/PUF1/PUF/BD/system/ip/system_arbiter_puf_0_0/system_arbiter_puf_0_0/system_arbiter_puf_0_0_in_context.xdc] for cell 'system_i/arbiter_puf_0'
Parsing XDC File [/home/krek07/Documents/PUF1/PUF/PUF.runs/synth_1/dont_touch.xdc]
Finished Parsing XDC File [/home/krek07/Documents/PUF1/PUF/PUF.runs/synth_1/dont_touch.xdc]
Completed Processing XDC Constraints

Netlist sorting complete. Time (s): cpu = 00:00:00 ; elapsed = 00:00:00 . Memory (MB): peak = 2065.305 ; gain = 0.000 ; free physical = 337 ; free virtual = 7362
INFO: [Project 1-111] Unisim Transformation Summary:
No Unisim elements were transformed.

Constraint Validation Runtime : Time (s): cpu = 00:00:00.08 ; elapsed = 00:00:00.02 . Memory (MB): peak = 2065.305 ; gain = 0.000 ; free physical = 336 ; free virtual = 7362
WARNING: [Timing 38-316] Clock period '20.000' specified during out-of-context synthesis of instance 'system_i/microblaze_0_local_memory/lmb_bram' at clock pin 'clka' is different from the actual clock period '10.000', this can lead to different synthesis results.
---------------------------------------------------------------------------------
Finished Constraint Validation : Time (s): cpu = 00:00:09 ; elapsed = 00:00:14 . Memory (MB): peak = 2065.305 ; gain = 375.172 ; free physical = 404 ; free virtual = 7429
---------------------------------------------------------------------------------
---------------------------------------------------------------------------------
Start Loading Part and Timing Information
---------------------------------------------------------------------------------
Loading part: xc7s50csga324-1
---------------------------------------------------------------------------------
Finished Loading Part and Timing Information : Time (s): cpu = 00:00:09 ; elapsed = 00:00:14 . Memory (MB): peak = 2065.305 ; gain = 375.172 ; free physical = 403 ; free virtual = 7429
---------------------------------------------------------------------------------
---------------------------------------------------------------------------------
Start Applying 'set_property' XDC Constraints
---------------------------------------------------------------------------------
Applied set_property IO_BUFFER_TYPE = NONE for iclk. (constraint file  /home/krek07/Documents/PUF1/PUF/BD/system/ip/system_clk_wiz_1_0/system_clk_wiz_1_0/system_clk_wiz_1_0_in_context.xdc, line 3).
Applied set_property CLOCK_BUFFER_TYPE = NONE for iclk. (constraint file  /home/krek07/Documents/PUF1/PUF/BD/system/ip/system_clk_wiz_1_0/system_clk_wiz_1_0/system_clk_wiz_1_0_in_context.xdc, line 4).
Applied set_property DONT_TOUCH = true for system_i. (constraint file  auto generated constraint, line ).
Applied set_property DONT_TOUCH = true for system_i/microblaze_0. (constraint file  auto generated constraint, line ).
Applied set_property DONT_TOUCH = true for system_i/microblaze_0_local_memory/dlmb_v10. (constraint file  auto generated constraint, line ).
Applied set_property DONT_TOUCH = true for system_i/microblaze_0_local_memory/ilmb_v10. (constraint file  auto generated constraint, line ).
Applied set_property DONT_TOUCH = true for system_i/microblaze_0_local_memory/dlmb_bram_if_cntlr. (constraint file  auto generated constraint, line ).
Applied set_property DONT_TOUCH = true for system_i/microblaze_0_local_memory/ilmb_bram_if_cntlr. (constraint file  auto generated constraint, line ).
Applied set_property DONT_TOUCH = true for system_i/microblaze_0_local_memory/lmb_bram. (constraint file  auto generated constraint, line ).
Applied set_property DONT_TOUCH = true for system_i/microblaze_0_axi_periph. (constraint file  auto generated constraint, line ).
Applied set_property DONT_TOUCH = true for system_i/mdm_1. (constraint file  auto generated constraint, line ).
Applied set_property DONT_TOUCH = true for system_i/clk_wiz_1. (constraint file  auto generated constraint, line ).
Applied set_property DONT_TOUCH = true for system_i/rst_clk_wiz_1_100M. (constraint file  auto generated constraint, line ).
Applied set_property DONT_TOUCH = true for system_i/xlconstant_0. (constraint file  auto generated constraint, line ).
Applied set_property DONT_TOUCH = true for system_i/microblaze_0_axi_periph/xbar. (constraint file  auto generated constraint, line ).
Applied set_property DONT_TOUCH = true for system_i/axi_uartlite_0. (constraint file  auto generated constraint, line ).
Applied set_property DONT_TOUCH = true for system_i/axi_gpio_0. (constraint file  auto generated constraint, line ).
Applied set_property DONT_TOUCH = true for system_i/axi_gpio_1. (constraint file  auto generated constraint, line ).
Applied set_property DONT_TOUCH = true for system_i/arbiter_puf_0. (constraint file  auto generated constraint, line ).
---------------------------------------------------------------------------------
Finished applying 'set_property' XDC Constraints : Time (s): cpu = 00:00:09 ; elapsed = 00:00:14 . Memory (MB): peak = 2065.305 ; gain = 375.172 ; free physical = 404 ; free virtual = 7429
---------------------------------------------------------------------------------
---------------------------------------------------------------------------------
Finished RTL Optimization Phase 2 : Time (s): cpu = 00:00:09 ; elapsed = 00:00:14 . Memory (MB): peak = 2065.305 ; gain = 375.172 ; free physical = 405 ; free virtual = 7432
---------------------------------------------------------------------------------

Report RTL Partitions: 
+-+--------------+------------+----------+
| |RTL Partition |Replication |Instances |
+-+--------------+------------+----------+
+-+--------------+------------+----------+
---------------------------------------------------------------------------------
Start RTL Component Statistics 
---------------------------------------------------------------------------------
Detailed RTL Component Info : 
---------------------------------------------------------------------------------
Finished RTL Component Statistics 
---------------------------------------------------------------------------------
---------------------------------------------------------------------------------
Start RTL Hierarchical Component Statistics 
---------------------------------------------------------------------------------
Hierarchical RTL Component report 
---------------------------------------------------------------------------------
Finished RTL Hierarchical Component Statistics
---------------------------------------------------------------------------------
---------------------------------------------------------------------------------
Start Part Resource Summary
---------------------------------------------------------------------------------
Part Resources:
DSPs: 120 (col length:60)
BRAMs: 150 (col length: RAMB18 60 RAMB36 30)
---------------------------------------------------------------------------------
Finished Part Resource Summary
---------------------------------------------------------------------------------
---------------------------------------------------------------------------------
Start Cross Boundary and Area Optimization
---------------------------------------------------------------------------------
Warning: Parallel synthesis criteria is not met 
WARNING: [Synth 8-3331] design s00_couplers_imp_1LZPV07 has unconnected port M_ACLK
WARNING: [Synth 8-3331] design s00_couplers_imp_1LZPV07 has unconnected port M_ARESETN
WARNING: [Synth 8-3331] design s00_couplers_imp_1LZPV07 has unconnected port S_ACLK
WARNING: [Synth 8-3331] design s00_couplers_imp_1LZPV07 has unconnected port S_ARESETN
WARNING: [Synth 8-3331] design m03_couplers_imp_1LIFQL0 has unconnected port M_ACLK
WARNING: [Synth 8-3331] design m03_couplers_imp_1LIFQL0 has unconnected port M_ARESETN
WARNING: [Synth 8-3331] design m03_couplers_imp_1LIFQL0 has unconnected port S_ACLK
WARNING: [Synth 8-3331] design m03_couplers_imp_1LIFQL0 has unconnected port S_ARESETN
WARNING: [Synth 8-3331] design m02_couplers_imp_QYRHL1 has unconnected port M_ACLK
WARNING: [Synth 8-3331] design m02_couplers_imp_QYRHL1 has unconnected port M_ARESETN
WARNING: [Synth 8-3331] design m02_couplers_imp_QYRHL1 has unconnected port S_ACLK
WARNING: [Synth 8-3331] design m02_couplers_imp_QYRHL1 has unconnected port S_ARESETN
WARNING: [Synth 8-3331] design m01_couplers_imp_K87I2F has unconnected port M_ACLK
WARNING: [Synth 8-3331] design m01_couplers_imp_K87I2F has unconnected port M_ARESETN
WARNING: [Synth 8-3331] design m01_couplers_imp_K87I2F has unconnected port S_ACLK
WARNING: [Synth 8-3331] design m01_couplers_imp_K87I2F has unconnected port S_ARESETN
WARNING: [Synth 8-3331] design m00_couplers_imp_1RZ0IW6 has unconnected port M_ACLK
WARNING: [Synth 8-3331] design m00_couplers_imp_1RZ0IW6 has unconnected port M_ARESETN
WARNING: [Synth 8-3331] design m00_couplers_imp_1RZ0IW6 has unconnected port S_ACLK
WARNING: [Synth 8-3331] design m00_couplers_imp_1RZ0IW6 has unconnected port S_ARESETN
WARNING: [Synth 8-3331] design system_microblaze_0_axi_periph_0 has unconnected port M00_ACLK
WARNING: [Synth 8-3331] design system_microblaze_0_axi_periph_0 has unconnected port M00_ARESETN
WARNING: [Synth 8-3331] design system_microblaze_0_axi_periph_0 has unconnected port M01_ACLK
WARNING: [Synth 8-3331] design system_microblaze_0_axi_periph_0 has unconnected port M01_ARESETN
WARNING: [Synth 8-3331] design system_microblaze_0_axi_periph_0 has unconnected port M02_ACLK
WARNING: [Synth 8-3331] design system_microblaze_0_axi_periph_0 has unconnected port M02_ARESETN
WARNING: [Synth 8-3331] design system_microblaze_0_axi_periph_0 has unconnected port M03_ACLK
WARNING: [Synth 8-3331] design system_microblaze_0_axi_periph_0 has unconnected port M03_ARESETN
WARNING: [Synth 8-3331] design system_microblaze_0_axi_periph_0 has unconnected port S00_ACLK
WARNING: [Synth 8-3331] design system_microblaze_0_axi_periph_0 has unconnected port S00_ARESETN
---------------------------------------------------------------------------------
Finished Cross Boundary and Area Optimization : Time (s): cpu = 00:00:10 ; elapsed = 00:00:15 . Memory (MB): peak = 2065.305 ; gain = 375.172 ; free physical = 395 ; free virtual = 7424
---------------------------------------------------------------------------------

Report RTL Partitions: 
+-+--------------+------------+----------+
| |RTL Partition |Replication |Instances |
+-+--------------+------------+----------+
+-+--------------+------------+----------+
---------------------------------------------------------------------------------
Start Applying XDC Timing Constraints
---------------------------------------------------------------------------------
---------------------------------------------------------------------------------
Finished Applying XDC Timing Constraints : Time (s): cpu = 00:00:14 ; elapsed = 00:00:23 . Memory (MB): peak = 2065.305 ; gain = 375.172 ; free physical = 270 ; free virtual = 7300
---------------------------------------------------------------------------------
---------------------------------------------------------------------------------
Start Timing Optimization
---------------------------------------------------------------------------------
---------------------------------------------------------------------------------
Finished Timing Optimization : Time (s): cpu = 00:00:14 ; elapsed = 00:00:23 . Memory (MB): peak = 2065.305 ; gain = 375.172 ; free physical = 270 ; free virtual = 7300
---------------------------------------------------------------------------------

Report RTL Partitions: 
+-+--------------+------------+----------+
| |RTL Partition |Replication |Instances |
+-+--------------+------------+----------+
+-+--------------+------------+----------+
---------------------------------------------------------------------------------
Start Technology Mapping
---------------------------------------------------------------------------------
---------------------------------------------------------------------------------
Finished Technology Mapping : Time (s): cpu = 00:00:14 ; elapsed = 00:00:23 . Memory (MB): peak = 2065.305 ; gain = 375.172 ; free physical = 268 ; free virtual = 7299
---------------------------------------------------------------------------------

Report RTL Partitions: 
+-+--------------+------------+----------+
| |RTL Partition |Replication |Instances |
+-+--------------+------------+----------+
+-+--------------+------------+----------+
---------------------------------------------------------------------------------
Start IO Insertion
---------------------------------------------------------------------------------
---------------------------------------------------------------------------------
Start Final Netlist Cleanup
---------------------------------------------------------------------------------
---------------------------------------------------------------------------------
Finished Final Netlist Cleanup
---------------------------------------------------------------------------------
---------------------------------------------------------------------------------
Finished IO Insertion : Time (s): cpu = 00:00:17 ; elapsed = 00:00:26 . Memory (MB): peak = 2065.305 ; gain = 375.172 ; free physical = 263 ; free virtual = 7295
---------------------------------------------------------------------------------
---------------------------------------------------------------------------------
Start Renaming Generated Instances
---------------------------------------------------------------------------------
---------------------------------------------------------------------------------
Finished Renaming Generated Instances : Time (s): cpu = 00:00:17 ; elapsed = 00:00:26 . Memory (MB): peak = 2065.305 ; gain = 375.172 ; free physical = 263 ; free virtual = 7295
---------------------------------------------------------------------------------

Report RTL Partitions: 
+-+--------------+------------+----------+
| |RTL Partition |Replication |Instances |
+-+--------------+------------+----------+
+-+--------------+------------+----------+

Report Check Netlist: 
+------+------------------+-------+---------+-------+------------------+
|      |Item              |Errors |Warnings |Status |Description       |
+------+------------------+-------+---------+-------+------------------+
|1     |multi_driven_nets |      0|        0|Passed |Multi driven nets |
+------+------------------+-------+---------+-------+------------------+
---------------------------------------------------------------------------------
Start Handling Custom Attributes
---------------------------------------------------------------------------------
---------------------------------------------------------------------------------
Finished Handling Custom Attributes : Time (s): cpu = 00:00:17 ; elapsed = 00:00:26 . Memory (MB): peak = 2065.305 ; gain = 375.172 ; free physical = 263 ; free virtual = 7295
---------------------------------------------------------------------------------
---------------------------------------------------------------------------------
Start Writing Synthesis Report
---------------------------------------------------------------------------------

Report BlackBoxes: 
+------+----------------------------+----------+
|      |BlackBox name               |Instances |
+------+----------------------------+----------+
|1     |system_xbar_0               |         1|
|2     |system_dlmb_bram_if_cntlr_0 |         1|
|3     |system_dlmb_v10_0           |         1|
|4     |system_ilmb_bram_if_cntlr_0 |         1|
|5     |system_ilmb_v10_0           |         1|
|6     |system_lmb_bram_0           |         1|
|7     |system_arbiter_puf_0_0      |         1|
|8     |system_axi_gpio_0_0         |         1|
|9     |system_axi_gpio_1_0         |         1|
|10    |system_axi_uartlite_0_0     |         1|
|11    |system_clk_wiz_1_0          |         1|
|12    |system_mdm_1_0              |         1|
|13    |system_microblaze_0_0       |         1|
|14    |system_rst_clk_wiz_1_100M_0 |         1|
+------+----------------------------+----------+

Report Cell Usage: 
+------+----------------------------+------+
|      |Cell                        |Count |
+------+----------------------------+------+
|1     |system_arbiter_puf_0_0      |     1|
|2     |system_axi_gpio_0_0         |     1|
|3     |system_axi_gpio_1_0         |     1|
|4     |system_axi_uartlite_0_0     |     1|
|5     |system_clk_wiz_1_0          |     1|
|6     |system_dlmb_bram_if_cntlr_0 |     1|
|7     |system_dlmb_v10_0           |     1|
|8     |system_ilmb_bram_if_cntlr_0 |     1|
|9     |system_ilmb_v10_0           |     1|
|10    |system_lmb_bram_0           |     1|
|11    |system_mdm_1_0              |     1|
|12    |system_microblaze_0_0       |     1|
|13    |system_rst_clk_wiz_1_100M_0 |     1|
|14    |system_xbar_0               |     1|
|15    |IBUF                        |     1|
|16    |OBUF                        |     1|
+------+----------------------------+------+

Report Instance Areas: 
+------+------------------------------+-------------------------------------+------+
|      |Instance                      |Module                               |Cells |
+------+------------------------------+-------------------------------------+------+
|1     |top                           |                                     |  1426|
|2     |  system_i                    |system                               |  1424|
|3     |    microblaze_0_axi_periph   |system_microblaze_0_axi_periph_0     |   485|
|4     |    microblaze_0_local_memory |microblaze_0_local_memory_imp_OGE0N8 |   496|
|5     |    xlconstant_0              |system_xlconstant_0_0                |     0|
+------+------------------------------+-------------------------------------+------+
---------------------------------------------------------------------------------
Finished Writing Synthesis Report : Time (s): cpu = 00:00:17 ; elapsed = 00:00:26 . Memory (MB): peak = 2065.305 ; gain = 375.172 ; free physical = 263 ; free virtual = 7295
---------------------------------------------------------------------------------
Synthesis finished with 0 errors, 0 critical warnings and 30 warnings.
Synthesis Optimization Runtime : Time (s): cpu = 00:00:15 ; elapsed = 00:00:24 . Memory (MB): peak = 2065.305 ; gain = 268.438 ; free physical = 318 ; free virtual = 7350
Synthesis Optimization Complete : Time (s): cpu = 00:00:17 ; elapsed = 00:00:26 . Memory (MB): peak = 2065.305 ; gain = 375.172 ; free physical = 318 ; free virtual = 7350
INFO: [Project 1-571] Translating synthesized netlist
Netlist sorting complete. Time (s): cpu = 00:00:00.02 ; elapsed = 00:00:00.02 . Memory (MB): peak = 2065.305 ; gain = 0.000 ; free physical = 386 ; free virtual = 7419
INFO: [Project 1-570] Preparing netlist for logic optimization
INFO: [Opt 31-138] Pushed 0 inverter(s) to 0 load pin(s).
Netlist sorting complete. Time (s): cpu = 00:00:00 ; elapsed = 00:00:00 . Memory (MB): peak = 2065.305 ; gain = 0.000 ; free physical = 333 ; free virtual = 7365
INFO: [Project 1-111] Unisim Transformation Summary:
No Unisim elements were transformed.

INFO: [Common 17-83] Releasing license: Synthesis
62 Infos, 69 Warnings, 0 Critical Warnings and 0 Errors encountered.
synth_design completed successfully
synth_design: Time (s): cpu = 00:00:23 ; elapsed = 00:00:34 . Memory (MB): peak = 2065.305 ; gain = 412.215 ; free physical = 446 ; free virtual = 7479
Netlist sorting complete. Time (s): cpu = 00:00:00 ; elapsed = 00:00:00 . Memory (MB): peak = 2065.305 ; gain = 0.000 ; free physical = 446 ; free virtual = 7478
WARNING: [Constraints 18-5210] No constraints selected for write.
Resolution: This message can indicate that there are no constraints for the design, or it can indicate that the used_in flags are set such that the constraints are ignored. This later case is used when running synth_design to not write synthesis constraints to the resulting checkpoint. Instead, project constraints are read when the synthesized design is opened.
INFO: [Common 17-1381] The checkpoint '/home/krek07/Documents/PUF1/PUF/PUF.runs/synth_1/system_wrapper.dcp' has been generated.
INFO: [runtcl-4] Executing : report_utilization -file system_wrapper_utilization_synth.rpt -pb system_wrapper_utilization_synth.pb
INFO: [Common 17-206] Exiting Vivado at Tue May  7 21:10:21 2024...
