Copyright 1986-2019 Xilinx, Inc. All Rights Reserved.
-------------------------------------------------------------------------------------------
| Tool Version : Vivado v.2019.2 (lin64) Build 2708876 Wed Nov  6 21:39:14 MST 2019
| Date         : Tue May  7 23:02:59 2024
| Host         : krek07-HP-Laptop-15s-eq2xxx running 64-bit Ubuntu 22.04.3 LTS
| Command      : report_control_sets -verbose -file system_wrapper_control_sets_placed.rpt
| Design       : system_wrapper
| Device       : xc7s50
-------------------------------------------------------------------------------------------

Control Set Information

Table of Contents
-----------------
1. Summary
2. Histogram
3. Flip-Flop Distribution
4. Detailed Control Set Information

1. Summary
----------

+----------------------------------------------------------+-------+
|                          Status                          | Count |
+----------------------------------------------------------+-------+
| Total control sets                                       |    84 |
|    Minimum number of control sets                        |    84 |
|    Addition due to synthesis replication                 |     0 |
|    Addition due to physical synthesis replication        |     0 |
| Unused register locations in slices containing registers |   248 |
+----------------------------------------------------------+-------+
* Control sets can be merged at opt_design using control_set_merge or merge_equivalent_drivers
** Run report_qor_suggestions for automated merging and remapping suggestions


2. Histogram
------------

+--------------------+-------+
|       Fanout       | Count |
+--------------------+-------+
| Total control sets |    84 |
| >= 0 to < 4        |    15 |
| >= 4 to < 6        |    17 |
| >= 6 to < 8        |     7 |
| >= 8 to < 10       |    12 |
| >= 10 to < 12      |     3 |
| >= 12 to < 14      |     1 |
| >= 14 to < 16      |     0 |
| >= 16              |    29 |
+--------------------+-------+
* Control sets can be remapped at either synth_design or opt_design


3. Flip-Flop Distribution
-------------------------

+--------------+-----------------------+------------------------+-----------------+--------------+
| Clock Enable | Synchronous Set/Reset | Asynchronous Set/Reset | Total Registers | Total Slices |
+--------------+-----------------------+------------------------+-----------------+--------------+
| No           | No                    | No                     |             238 |           93 |
| No           | No                    | Yes                    |              30 |            7 |
| No           | Yes                   | No                     |             372 |          127 |
| Yes          | No                    | No                     |             222 |           53 |
| Yes          | No                    | Yes                    |              15 |            8 |
| Yes          | Yes                   | No                     |             707 |          205 |
+--------------+-----------------------+------------------------+-----------------+--------------+


4. Detailed Control Set Information
-----------------------------------

+--------------------------------------------------------------------------+----------------------------------------------------------------------------------------------------------------------------------------------------------------------------------------------------------+----------------------------------------------------------------------------------------------------------------------------------------------+------------------+----------------+
|                               Clock Signal                               |                                                                                               Enable Signal                                                                                              |                                                               Set/Reset Signal                                                               | Slice Load Count | Bel Load Count |
+--------------------------------------------------------------------------+----------------------------------------------------------------------------------------------------------------------------------------------------------------------------------------------------------+----------------------------------------------------------------------------------------------------------------------------------------------+------------------+----------------+
|  system_i/mdm_1/U0/Use_E2.BSCAN_I/Dbg_Update_0_BUFG                      |                                                                                                                                                                                                          | system_i/mdm_1/U0/MDM_Core_I1/JTAG_CONTROL_I/Use_BSCAN.FDC_I/data_cmd_reset                                                                  |                1 |              1 |
|  system_i/arbiter_puf_0/inst/inst_delay_line/genblk1[32].inst_mux_2/oout |                                                                                                                                                                                                          |                                                                                                                                              |                1 |              1 |
|  system_i/clk_wiz_1/inst/oclk_out1                                       |                                                                                                                                                                                                          | system_i/microblaze_0/U0/MicroBlaze_Core_I/Performance.Core/Use_Debug_Logic.Master_Core.Debug_Perf/capture_1                                 |                1 |              1 |
| ~system_i/mdm_1/U0/No_Dbg_Reg_Access.BUFG_DRCK/Dbg_Clk_0                 | system_i/mdm_1/U0/MDM_Core_I1/JTAG_CONTROL_I/Use_BSCAN.FDC_I/CE                                                                                                                                          | system_i/mdm_1/U0/MDM_Core_I1/JTAG_CONTROL_I/Use_BSCAN.FDC_I/D_2                                                                             |                1 |              1 |
|  system_i/mdm_1/U0/No_Dbg_Reg_Access.BUFG_DRCK/Dbg_Clk_0                 | system_i/mdm_1/U0/Use_E2.BSCAN_I/Use_BSCAN.PORT_Selector_reg[0]                                                                                                                                          | system_i/mdm_1/U0/MDM_Core_I1/JTAG_CONTROL_I/sel_with_scan_reset                                                                             |                1 |              1 |
| ~system_i/mdm_1/U0/Use_E2.BSCAN_I/Dbg_Update_0_BUFG                      |                                                                                                                                                                                                          | system_i/mdm_1/U0/MDM_Core_I1/JTAG_CONTROL_I/sel_n                                                                                           |                1 |              1 |
|  system_i/mdm_1/U0/Use_E2.BSCAN_I/Dbg_Update_0_BUFG                      | system_i/microblaze_0/U0/MicroBlaze_Core_I/Performance.Core/Use_Debug_Logic.Master_Core.Debug_Perf/Control_Reg_En                                                                                        | system_i/microblaze_0/U0/MicroBlaze_Core_I/Performance.Core/Use_Debug_Logic.Master_Core.Debug_Perf/start_single_step_reg_n_0                 |                1 |              1 |
|  system_i/mdm_1/U0/Use_E2.BSCAN_I/Dbg_Update_0_BUFG                      | system_i/microblaze_0/U0/MicroBlaze_Core_I/Performance.Core/Use_Debug_Logic.Master_Core.Debug_Perf/Control_Reg_En                                                                                        | system_i/microblaze_0/U0/MicroBlaze_Core_I/Performance.Core/Use_Debug_Logic.Master_Core.Debug_Perf/Serial_Dbg_Intf.force_stop_cmd_i_reg_0    |                1 |              1 |
|  system_i/mdm_1/U0/Use_E2.BSCAN_I/Dbg_Update_0_BUFG                      | system_i/microblaze_0/U0/MicroBlaze_Core_I/Performance.Core/Use_Debug_Logic.Master_Core.Debug_Perf/Control_Reg_En                                                                                        | system_i/microblaze_0/U0/MicroBlaze_Core_I/Performance.Core/Use_Debug_Logic.Master_Core.Debug_Perf/Serial_Dbg_Intf.continue_from_brk_reg_n_0 |                1 |              1 |
|  system_i/mdm_1/U0/Use_E2.BSCAN_I/Dbg_Update_0_BUFG                      | system_i/microblaze_0/U0/MicroBlaze_Core_I/Performance.Core/Use_Debug_Logic.Master_Core.Debug_Perf/Control_Reg_En                                                                                        | system_i/microblaze_0/U0/MicroBlaze_Core_I/Performance.Core/Use_Debug_Logic.Master_Core.Debug_Perf/Serial_Dbg_Intf.normal_stop_cmd_i_reg_n_0 |                1 |              1 |
|  system_i/mdm_1/U0/Use_E2.BSCAN_I/Dbg_Update_0_BUFG                      |                                                                                                                                                                                                          |                                                                                                                                              |                2 |              2 |
|  system_i/clk_wiz_1/inst/oclk_out1                                       | system_i/microblaze_0/U0/MicroBlaze_Core_I/Performance.Core/Decode_I/Use_MuxCy[11].OF_Piperun_Stage/MUXCY_I/of_pause_reg                                                                                 |                                                                                                                                              |                1 |              2 |
|  system_i/mdm_1/U0/Use_E2.BSCAN_I/Dbg_Update_0_BUFG                      | system_i/mdm_1/U0/MDM_Core_I1/JTAG_CONTROL_I/Use_BSCAN.FDC_I/Debug_Rst_i0                                                                                                                                |                                                                                                                                              |                1 |              2 |
|  system_i/mdm_1/U0/Use_E2.BSCAN_I/Dbg_Update_0_BUFG                      | system_i/microblaze_0/U0/MicroBlaze_Core_I/Performance.Core/Use_Debug_Logic.Master_Core.Debug_Perf/Command_Reg_En                                                                                        | system_i/microblaze_0/U0/MicroBlaze_Core_I/Performance.Core/Use_Debug_Logic.Master_Core.Debug_Perf/command_reg_clear                         |                1 |              2 |
|  system_i/clk_wiz_1/inst/oclk_out1                                       |                                                                                                                                                                                                          | system_i/mdm_1/U0/MDM_Core_I1/S_AXI_ARESETN_0                                                                                                |                2 |              3 |
|  system_i/clk_wiz_1/inst/oclk_out1                                       |                                                                                                                                                                                                          | system_i/axi_gpio_1/U0/AXI_LITE_IPIF_I/I_SLAVE_ATTACHMENT/clear                                                                              |                1 |              4 |
|  system_i/clk_wiz_1/inst/oclk_out1                                       | system_i/mdm_1/U0/Use_AXI_IPIF.AXI_LITE_IPIF_I/I_SLAVE_ATTACHMENT/start2                                                                                                                                 | system_i/mdm_1/U0/Use_AXI_IPIF.AXI_LITE_IPIF_I/I_SLAVE_ATTACHMENT/I_DECODER/cs_ce_clr                                                        |                1 |              4 |
|  system_i/clk_wiz_1/inst/oclk_out1                                       | system_i/axi_gpio_0/U0/AXI_LITE_IPIF_I/I_SLAVE_ATTACHMENT/start2                                                                                                                                         | system_i/axi_gpio_0/U0/AXI_LITE_IPIF_I/I_SLAVE_ATTACHMENT/I_DECODER/cs_ce_clr                                                                |                1 |              4 |
|  system_i/clk_wiz_1/inst/oclk_out1                                       | system_i/axi_gpio_0/U0/AXI_LITE_IPIF_I/I_SLAVE_ATTACHMENT/bus2ip_addr_i[8]_i_1_n_0                                                                                                                       | system_i/axi_gpio_0/U0/AXI_LITE_IPIF_I/I_SLAVE_ATTACHMENT/SR[0]                                                                              |                2 |              4 |
|  system_i/clk_wiz_1/inst/oclk_out1                                       | system_i/mdm_1/U0/MDM_Core_I1/JTAG_CONTROL_I/Use_UART.RX_FIFO_I/data_Exists_I_reg_0                                                                                                                      | system_i/mdm_1/U0/MDM_Core_I1/Use_Uart.reset_RX_FIFO_i_reg_n_0                                                                               |                1 |              4 |
|  system_i/clk_wiz_1/inst/oclk_out1                                       |                                                                                                                                                                                                          | system_i/axi_gpio_0/U0/AXI_LITE_IPIF_I/I_SLAVE_ATTACHMENT/clear                                                                              |                1 |              4 |
|  system_i/mdm_1/U0/Use_E2.BSCAN_I/Dbg_Update_0_BUFG                      | system_i/mdm_1/U0/MDM_Core_I1/MDM_SEL                                                                                                                                                                    | system_i/mdm_1/U0/Use_E2.BSCAN_I/AR[0]                                                                                                       |                1 |              4 |
| ~system_i/mdm_1/U0/Use_E2.BSCAN_I/Dbg_Update_0_BUFG                      |                                                                                                                                                                                                          | system_i/mdm_1/U0/Use_E2.BSCAN_I/AR[0]                                                                                                       |                1 |              4 |
|  system_i/clk_wiz_1/inst/oclk_out1                                       | system_i/axi_uartlite_0/U0/AXI_LITE_IPIF_I/I_SLAVE_ATTACHMENT/start2                                                                                                                                     | system_i/axi_uartlite_0/U0/AXI_LITE_IPIF_I/I_SLAVE_ATTACHMENT/I_DECODER/cs_ce_clr                                                            |                1 |              4 |
|  system_i/clk_wiz_1/inst/oclk_out1                                       | system_i/axi_uartlite_0/U0/UARTLITE_CORE_I/BAUD_RATE_I/p_11_out[0]                                                                                                                                       |                                                                                                                                              |                1 |              4 |
|  system_i/clk_wiz_1/inst/oclk_out1                                       | system_i/mdm_1/U0/MDM_Core_I1/JTAG_CONTROL_I/Use_UART.TX_FIFO_I/data_Exists_I_reg_0                                                                                                                      | system_i/mdm_1/U0/MDM_Core_I1/Use_Uart.reset_TX_FIFO_i_reg_n_0                                                                               |                1 |              4 |
|  system_i/mdm_1/U0/No_Dbg_Reg_Access.BUFG_DRCK/Dbg_Clk_0                 | system_i/mdm_1/U0/MDM_Core_I1/TDI_Shifter0                                                                                                                                                               | system_i/mdm_1/U0/Use_E2.BSCAN_I/AR[0]                                                                                                       |                1 |              4 |
|  system_i/mdm_1/U0/Use_E2.BSCAN_I/Dbg_Update_0_BUFG                      | system_i/microblaze_0/U0/MicroBlaze_Core_I/Performance.Core/Use_Debug_Logic.Master_Core.Debug_Perf/Control_Reg_En                                                                                        |                                                                                                                                              |                1 |              4 |
|  system_i/clk_wiz_1/inst/oclk_out1                                       | system_i/axi_gpio_1/U0/AXI_LITE_IPIF_I/I_SLAVE_ATTACHMENT/start2                                                                                                                                         | system_i/axi_gpio_1/U0/AXI_LITE_IPIF_I/I_SLAVE_ATTACHMENT/I_DECODER/cs_ce_clr                                                                |                1 |              4 |
|  system_i/clk_wiz_1/inst/oclk_out1                                       | system_i/axi_gpio_1/U0/AXI_LITE_IPIF_I/I_SLAVE_ATTACHMENT/bus2ip_addr_i[8]_i_1_n_0                                                                                                                       | system_i/axi_gpio_1/U0/AXI_LITE_IPIF_I/I_SLAVE_ATTACHMENT/SS[0]                                                                              |                1 |              4 |
|  system_i/clk_wiz_1/inst/oclk_out1                                       |                                                                                                                                                                                                          | system_i/rst_clk_wiz_1_100M/U0/EXT_LPF/lpf_int                                                                                               |                2 |              5 |
|  system_i/clk_wiz_1/inst/oclk_out1                                       | system_i/microblaze_0/U0/MicroBlaze_Core_I/Performance.Core/Decode_I/wb_Halted                                                                                                                           | system_i/microblaze_0/U0/MicroBlaze_Core_I/sync_reset                                                                                        |                2 |              5 |
|  system_i/mdm_1/U0/No_Dbg_Reg_Access.BUFG_DRCK/Dbg_Clk_0                 | system_i/mdm_1/U0/MDM_Core_I1/JTAG_CONTROL_I/Use_BSCAN.FDC_I/Use_BSCAN.command_reg[6]_0[0]                                                                                                               |                                                                                                                                              |                1 |              6 |
|  system_i/mdm_1/U0/No_Dbg_Reg_Access.BUFG_DRCK/Dbg_Clk_0                 | system_i/mdm_1/U0/Use_E2.BSCAN_I/Using_FPGA.Native[0]                                                                                                                                                    |                                                                                                                                              |                2 |              6 |
|  system_i/clk_wiz_1/inst/oclk_out1                                       |                                                                                                                                                                                                          | system_i/axi_uartlite_0/U0/UARTLITE_CORE_I/UARTLITE_RX_I/SRL_FIFO_I/I_SRL_FIFO_RBU_F/CNTR_INCR_DECR_ADDN_F_I/SS[0]                           |                2 |              6 |
|  system_i/clk_wiz_1/inst/oclk_out1                                       |                                                                                                                                                                                                          | system_i/axi_uartlite_0/U0/UARTLITE_CORE_I/UARTLITE_TX_I/SRL_FIFO_I/I_SRL_FIFO_RBU_F/CNTR_INCR_DECR_ADDN_F_I/SS[0]                           |                2 |              6 |
|  system_i/mdm_1/U0/No_Dbg_Reg_Access.BUFG_DRCK/Dbg_Clk_0                 | system_i/mdm_1/U0/Use_E2.BSCAN_I/Use_BSCAN.command_reg[5][0]                                                                                                                                             |                                                                                                                                              |                2 |              6 |
|  system_i/clk_wiz_1/inst/oclk_out1                                       | system_i/rst_clk_wiz_1_100M/U0/SEQ/seq_cnt_en                                                                                                                                                            | system_i/rst_clk_wiz_1_100M/U0/SEQ/SEQ_COUNTER/clear                                                                                         |                1 |              6 |
|  system_i/clk_wiz_1/inst/oclk_out1                                       | system_i/axi_uartlite_0/U0/UARTLITE_CORE_I/BAUD_RATE_I/p_11_out[0]                                                                                                                                       | system_i/axi_uartlite_0/U0/UARTLITE_CORE_I/UARTLITE_RX_I/SERIAL_TO_PARALLEL[8].fifo_din[8]_i_1_n_0                                           |                2 |              7 |
|  system_i/clk_wiz_1/inst/oclk_out1                                       | system_i/axi_uartlite_0/U0/AXI_LITE_IPIF_I/I_SLAVE_ATTACHMENT/I_DECODER/fifo_wr                                                                                                                          |                                                                                                                                              |                1 |              8 |
| ~system_i/mdm_1/U0/Use_E2.BSCAN_I/Dbg_Update_0_BUFG                      | system_i/mdm_1/U0/MDM_Core_I1/JTAG_CONTROL_I/Use_BSCAN.command[0]_i_1_n_0                                                                                                                                |                                                                                                                                              |                2 |              8 |
|  system_i/clk_wiz_1/inst/oclk_out1                                       | system_i/axi_uartlite_0/U0/AXI_LITE_IPIF_I/I_SLAVE_ATTACHMENT/s_axi_rresp_i                                                                                                                              | system_i/axi_uartlite_0/U0/AXI_LITE_IPIF_I/I_SLAVE_ATTACHMENT/rst                                                                            |                3 |              8 |
|  system_i/clk_wiz_1/inst/oclk_out1                                       | system_i/mdm_1/U0/MDM_Core_I1/JTAG_CONTROL_I/Use_UART.TX_FIFO_I/Addr_Counters[2].FDRE_I/CI                                                                                                               |                                                                                                                                              |                3 |              8 |
|  system_i/clk_wiz_1/inst/oclk_out1                                       | system_i/axi_uartlite_0/U0/UARTLITE_CORE_I/UARTLITE_RX_I/SRL_FIFO_I/I_SRL_FIFO_RBU_F/DYNSHREG_F_I/fifo_wr                                                                                                |                                                                                                                                              |                1 |              8 |
|  system_i/clk_wiz_1/inst/oclk_out1                                       | system_i/mdm_1/U0/Use_AXI_IPIF.AXI_LITE_IPIF_I/I_SLAVE_ATTACHMENT/s_axi_rresp_i                                                                                                                          | system_i/mdm_1/U0/Use_AXI_IPIF.AXI_LITE_IPIF_I/I_SLAVE_ATTACHMENT/rst                                                                        |                4 |              8 |
|  system_i/clk_wiz_1/inst/oclk_out1                                       | system_i/mdm_1/U0/MDM_Core_I1/JTAG_CONTROL_I/Use_UART.RX_FIFO_I/Addr_Counters[2].FDRE_I/CI                                                                                                               |                                                                                                                                              |                3 |              8 |
|  system_i/mdm_1/U0/No_Dbg_Reg_Access.BUFG_DRCK/Dbg_Clk_0                 | system_i/microblaze_0/U0/MicroBlaze_Core_I/Performance.Core/Use_Debug_Logic.Master_Core.Debug_Perf/Using_PC_Breakpoints.All_PC_Brks[0].Serial_Interface_1.address_hit_I/Compare[0].SRLC16E_I/which_pc__0 |                                                                                                                                              |                7 |              8 |
|  system_i/mdm_1/U0/No_Dbg_Reg_Access.BUFG_DRCK/Dbg_Clk_0                 | system_i/mdm_1/U0/MDM_Core_I1/JTAG_CONTROL_I/Use_BSCAN.SYNC_FDRE/E[0]                                                                                                                                    |                                                                                                                                              |                1 |              8 |
|  system_i/mdm_1/U0/No_Dbg_Reg_Access.BUFG_DRCK/Dbg_Clk_0                 | system_i/mdm_1/U0/Use_E2.BSCAN_I/Use_E2.BSCANE2_I_0[0]                                                                                                                                                   |                                                                                                                                              |                2 |              8 |
|  system_i/mdm_1/U0/No_Dbg_Reg_Access.BUFG_DRCK/Dbg_Clk_0                 | system_i/mdm_1/U0/MDM_Core_I1/JTAG_CONTROL_I/tdi_shifter0                                                                                                                                                |                                                                                                                                              |                2 |              8 |
|  system_i/mdm_1/U0/Use_E2.BSCAN_I/Dbg_Update_0_BUFG                      | system_i/mdm_1/U0/MDM_Core_I1/JTAG_CONTROL_I/Use_BSCAN.FDC_I/Use_BSCAN.PORT_Selector_reg[2][0]                                                                                                           |                                                                                                                                              |                1 |              8 |
|  system_i/clk_wiz_1/inst/oclk_out1                                       |                                                                                                                                                                                                          | system_i/axi_uartlite_0/U0/AXI_LITE_IPIF_I/I_SLAVE_ATTACHMENT/rst                                                                            |                4 |             10 |
|  system_i/clk_wiz_1/inst/oclk_out1                                       |                                                                                                                                                                                                          | system_i/mdm_1/U0/Use_AXI_IPIF.AXI_LITE_IPIF_I/I_SLAVE_ATTACHMENT/rst                                                                        |                3 |             10 |
|  system_i/mdm_1/U0/No_Dbg_Reg_Access.BUFG_DRCK/Dbg_Clk_0                 | system_i/mdm_1/U0/MDM_Core_I1/JTAG_CONTROL_I/Use_BSCAN.FDC_I/E[0]                                                                                                                                        |                                                                                                                                              |                4 |             10 |
|  system_i/clk_wiz_1/inst/oclk_out1                                       |                                                                                                                                                                                                          | system_i/microblaze_0_axi_periph/xbar/inst/gen_sasd.crossbar_sasd_0/addr_arbiter_inst/SR[0]                                                  |                4 |             13 |
|  system_i/clk_wiz_1/inst/oclk_out1                                       | system_i/microblaze_0/U0/MicroBlaze_Core_I/Performance.Core/Decode_I/PreFetch_Buffer_I1/OF_Valid_DFF/E[0]                                                                                                | system_i/microblaze_0/U0/MicroBlaze_Core_I/sync_reset                                                                                        |                5 |             16 |
|  system_i/clk_wiz_1/inst/oclk_out1                                       | system_i/microblaze_0/U0/MicroBlaze_Core_I/Performance.Core/Decode_I/mem_wait_on_ready_N_carry_or/MUXCY_I/lopt_1                                                                                         | system_i/microblaze_0/U0/MicroBlaze_Core_I/sync_reset                                                                                        |                7 |             20 |
|  system_i/clk_wiz_1/inst/oclk_out1                                       |                                                                                                                                                                                                          | system_i/axi_gpio_1/U0/AXI_LITE_IPIF_I/I_SLAVE_ATTACHMENT/SS[0]                                                                              |                6 |             21 |
|  system_i/clk_wiz_1/inst/oclk_out1                                       | system_i/microblaze_0_axi_periph/xbar/inst/gen_sasd.crossbar_sasd_0/addr_arbiter_inst/p_0_in1_in                                                                                                         | system_i/microblaze_0_axi_periph/xbar/inst/gen_sasd.crossbar_sasd_0/addr_arbiter_inst/SR[0]                                                  |                4 |             23 |
|  system_i/mdm_1/U0/No_Dbg_Reg_Access.BUFG_DRCK/Dbg_Clk_0                 |                                                                                                                                                                                                          | system_i/mdm_1/U0/Use_E2.BSCAN_I/shift_n_reset                                                                                               |                3 |             23 |
|  system_i/clk_wiz_1/inst/oclk_out1                                       | system_i/axi_uartlite_0/U0/UARTLITE_CORE_I/BAUD_RATE_I/p_11_out[0]                                                                                                                                       | system_i/axi_uartlite_0/U0/UARTLITE_CORE_I/UARTLITE_RX_I/s_axi_aresetn_0                                                                     |                4 |             28 |
|  system_i/clk_wiz_1/inst/oclk_out1                                       |                                                                                                                                                                                                          | system_i/axi_uartlite_0/U0/UARTLITE_CORE_I/UARTLITE_RX_I/s_axi_aresetn_0                                                                     |                8 |             30 |
|  system_i/clk_wiz_1/inst/oclk_out1                                       | system_i/microblaze_0/U0/MicroBlaze_Core_I/Performance.Core/Decode_I/Use_MuxCy[3].OF_Piperun_Stage/MUXCY_I/Using_FPGA.Native_0                                                                           | system_i/microblaze_0/U0/MicroBlaze_Core_I/Performance.Core/Decode_I/R                                                                       |                8 |             32 |
|  system_i/clk_wiz_1/inst/oclk_out1                                       | system_i/microblaze_0/U0/MicroBlaze_Core_I/Performance.Core/Decode_I/PreFetch_Buffer_I1/Gen_Mux_Select_LUT6[2].Gen_Sel_DFF/Using_FPGA.Native_0[0]                                                        | system_i/microblaze_0/U0/MicroBlaze_Core_I/sync_reset                                                                                        |                9 |             32 |
|  system_i/clk_wiz_1/inst/oclk_out1                                       | system_i/microblaze_0/U0/MicroBlaze_Core_I/Performance.Core/Decode_I/Use_MuxCy[3].OF_Piperun_Stage/MUXCY_I/E[0]                                                                                          | system_i/microblaze_0/U0/MicroBlaze_Core_I/sync_reset                                                                                        |                5 |             32 |
|  system_i/clk_wiz_1/inst/oclk_out1                                       |                                                                                                                                                                                                          | system_i/microblaze_0/U0/MicroBlaze_Core_I/Performance.Core/wb_dlmb_valid_read_data0                                                         |               10 |             32 |
|  system_i/clk_wiz_1/inst/oclk_out1                                       | system_i/microblaze_0/U0/MicroBlaze_Core_I/Performance.Core/Decode_I/mem_wait_on_ready_N_carry_or/MUXCY_I/lopt_1                                                                                         |                                                                                                                                              |                4 |             32 |
|  system_i/clk_wiz_1/inst/oclk_out1                                       | system_i/microblaze_0/U0/MicroBlaze_Core_I/Performance.Core/Decode_I/mem_wait_on_ready_N_carry_or/MUXCY_I/lopt_1                                                                                         | system_i/microblaze_0/U0/MicroBlaze_Core_I/Performance.Core/Decode_I/SR[0]                                                                   |                8 |             32 |
|  system_i/clk_wiz_1/inst/oclk_out1                                       | system_i/microblaze_0/U0/MicroBlaze_Core_I/Performance.Core/Use_Debug_Logic.Master_Core.Debug_Perf/data_rd_reg[0]_i_1_n_0                                                                                | system_i/microblaze_0/U0/MicroBlaze_Core_I/sync_reset                                                                                        |               13 |             32 |
|  system_i/clk_wiz_1/inst/oclk_out1                                       | system_i/axi_gpio_0/U0/AXI_LITE_IPIF_I/I_SLAVE_ATTACHMENT/I_DECODER/E[0]                                                                                                                                 | system_i/axi_gpio_0/U0/AXI_LITE_IPIF_I/I_SLAVE_ATTACHMENT/SR[0]                                                                              |                5 |             32 |
|  system_i/mdm_1/U0/No_Dbg_Reg_Access.BUFG_DRCK/Dbg_Clk_0                 | system_i/microblaze_0/U0/MicroBlaze_Core_I/Performance.Core/Use_Debug_Logic.Master_Core.Debug_Perf/New_Dbg_Instr_TCK                                                                                     |                                                                                                                                              |                9 |             32 |
|  system_i/clk_wiz_1/inst/oclk_out1                                       |                                                                                                                                                                                                          | system_i/axi_gpio_0/U0/gpio_core_1/Read_Reg_Rst__0                                                                                           |                5 |             32 |
|  system_i/clk_wiz_1/inst/oclk_out1                                       | system_i/axi_gpio_0/U0/AXI_LITE_IPIF_I/I_SLAVE_ATTACHMENT/s_axi_rresp_i                                                                                                                                  | system_i/axi_gpio_0/U0/AXI_LITE_IPIF_I/I_SLAVE_ATTACHMENT/SR[0]                                                                              |                5 |             32 |
|  system_i/clk_wiz_1/inst/oclk_out1                                       | system_i/microblaze_0_axi_periph/xbar/inst/gen_sasd.crossbar_sasd_0/reg_slice_r/s_axi_rvalid[0]                                                                                                          | system_i/microblaze_0/U0/MicroBlaze_Core_I/sync_reset                                                                                        |                6 |             32 |
|  system_i/clk_wiz_1/inst/oclk_out1                                       | system_i/microblaze_0_axi_periph/xbar/inst/gen_sasd.crossbar_sasd_0/addr_arbiter_inst/E[0]                                                                                                               |                                                                                                                                              |                5 |             33 |
|  system_i/mdm_1/U0/No_Dbg_Reg_Access.BUFG_DRCK/Dbg_Clk_0                 | system_i/mdm_1/U0/Use_E2.BSCAN_I/Use_BSCAN.PORT_Selector_reg[0]                                                                                                                                          |                                                                                                                                              |               14 |             47 |
|  system_i/clk_wiz_1/inst/oclk_out1                                       |                                                                                                                                                                                                          | system_i/axi_gpio_0/U0/AXI_LITE_IPIF_I/I_SLAVE_ATTACHMENT/SR[0]                                                                              |               13 |             47 |
|  system_i/clk_wiz_1/inst/oclk_out1                                       | system_i/microblaze_0/U0/MicroBlaze_Core_I/Performance.Core/Decode_I/PreFetch_Buffer_I1/Instruction_Prefetch_Mux[42].Instr_Mux_MUXF7/IReady_0                                                            |                                                                                                                                              |               11 |             75 |
|  system_i/clk_wiz_1/inst/oclk_out1                                       | system_i/microblaze_0/U0/MicroBlaze_Core_I/Performance.Core/Decode_I/Use_MuxCy[3].OF_Piperun_Stage/MUXCY_I/Using_FPGA.Native_0                                                                           | system_i/microblaze_0/U0/MicroBlaze_Core_I/sync_reset                                                                                        |               29 |             79 |
|  system_i/mdm_1/U0/No_Dbg_Reg_Access.BUFG_DRCK/Dbg_Clk_0                 |                                                                                                                                                                                                          |                                                                                                                                              |               27 |             80 |
|  system_i/clk_wiz_1/inst/oclk_out1                                       | system_i/microblaze_0/U0/MicroBlaze_Core_I/Performance.Core/Decode_I/Performance_Debug_Control.dbg_state_nohalt_reg[32]                                                                                  |                                                                                                                                              |               16 |            128 |
|  system_i/clk_wiz_1/inst/oclk_out1                                       |                                                                                                                                                                                                          | system_i/microblaze_0/U0/MicroBlaze_Core_I/sync_reset                                                                                        |               64 |            149 |
|  system_i/clk_wiz_1/inst/oclk_out1                                       |                                                                                                                                                                                                          |                                                                                                                                              |               66 |            172 |
|  system_i/clk_wiz_1/inst/oclk_out1                                       | system_i/microblaze_0/U0/MicroBlaze_Core_I/Performance.Core/Decode_I/Use_MuxCy[11].OF_Piperun_Stage/MUXCY_I/of_pause_reg                                                                                 | system_i/microblaze_0/U0/MicroBlaze_Core_I/sync_reset                                                                                        |               75 |            218 |
+--------------------------------------------------------------------------+----------------------------------------------------------------------------------------------------------------------------------------------------------------------------------------------------------+----------------------------------------------------------------------------------------------------------------------------------------------+------------------+----------------+


