Copyright 1986-2019 Xilinx, Inc. All Rights Reserved.
----------------------------------------------------------------------------------------------------------------------------------------------------------------
| Tool Version     : Vivado v.2019.2 (lin64) Build 2708876 Wed Nov  6 21:39:14 MST 2019
| Date             : Fri May 10 23:31:54 2024
| Host             : krek07-HP-Laptop-15s-eq2xxx running 64-bit Ubuntu 22.04.3 LTS
| Command          : report_power -file system_wrapper_power_routed.rpt -pb system_wrapper_power_summary_routed.pb -rpx system_wrapper_power_routed.rpx
| Design           : system_wrapper
| Device           : xc7s50csga324-1
| Design State     : routed
| Grade            : commercial
| Process          : typical
| Characterization : Production
----------------------------------------------------------------------------------------------------------------------------------------------------------------

Power Report

Table of Contents
-----------------
1. Summary
1.1 On-Chip Components
1.2 Power Supply Summary
1.3 Confidence Level
2. Settings
2.1 Environment
2.2 Clock Constraints
3. Detailed Reports
3.1 By Hierarchy

1. Summary
----------

+--------------------------+--------------+
| Total On-Chip Power (W)  | 0.230        |
| Design Power Budget (W)  | Unspecified* |
| Power Budget Margin (W)  | NA           |
| Dynamic (W)              | 0.157        |
| Device Static (W)        | 0.073        |
| Effective TJA (C/W)      | 4.9          |
| Max Ambient (C)          | 83.9         |
| Junction Temperature (C) | 26.1         |
| Confidence Level         | Medium       |
| Setting File             | ---          |
| Simulation Activity File | ---          |
| Design Nets Matched      | NA           |
+--------------------------+--------------+
* Specify Design Power Budget using, set_operating_conditions -design_power_budget <value in Watts>


1.1 On-Chip Components
----------------------

+--------------------------+-----------+----------+-----------+-----------------+
| On-Chip                  | Power (W) | Used     | Available | Utilization (%) |
+--------------------------+-----------+----------+-----------+-----------------+
| Clocks                   |     0.028 |        8 |       --- |             --- |
| Slice Logic              |     0.005 |    14484 |       --- |             --- |
|   LUT as Logic           |     0.004 |     4300 |     32600 |           13.19 |
|   LUT as Distributed RAM |    <0.001 |       88 |      9600 |            0.92 |
|   Register               |    <0.001 |     6985 |     65200 |           10.71 |
|   CARRY4                 |    <0.001 |      148 |      8150 |            1.82 |
|   LUT as Shift Register  |    <0.001 |      499 |      9600 |            5.20 |
|   F7/F8 Muxes            |    <0.001 |      122 |     32600 |            0.37 |
|   Others                 |    <0.001 |     1141 |       --- |             --- |
| Signals                  |     0.008 |    10541 |       --- |             --- |
| Block RAM                |     0.010 |     13.5 |        75 |           18.00 |
| MMCM                     |     0.106 |        1 |         5 |           20.00 |
| I/O                      |    <0.001 |        3 |       210 |            1.43 |
| Static Power             |     0.073 |          |           |                 |
| Total                    |     0.230 |          |           |                 |
+--------------------------+-----------+----------+-----------+-----------------+


1.2 Power Supply Summary
------------------------

+-----------+-------------+-----------+-------------+------------+
| Source    | Voltage (V) | Total (A) | Dynamic (A) | Static (A) |
+-----------+-------------+-----------+-------------+------------+
| Vccint    |       1.000 |     0.061 |       0.051 |      0.010 |
| Vccaux    |       1.800 |     0.071 |       0.059 |      0.013 |
| Vcco33    |       3.300 |     0.001 |       0.000 |      0.001 |
| Vcco25    |       2.500 |     0.000 |       0.000 |      0.000 |
| Vcco18    |       1.800 |     0.000 |       0.000 |      0.000 |
| Vcco15    |       1.500 |     0.000 |       0.000 |      0.000 |
| Vcco135   |       1.350 |     0.000 |       0.000 |      0.000 |
| Vcco12    |       1.200 |     0.000 |       0.000 |      0.000 |
| Vccaux_io |       1.800 |     0.000 |       0.000 |      0.000 |
| Vccbram   |       1.000 |     0.001 |       0.001 |      0.000 |
| Vccadc    |       1.800 |     0.020 |       0.000 |      0.020 |
+-----------+-------------+-----------+-------------+------------+


1.3 Confidence Level
--------------------

+-----------------------------+------------+-------------------------------------------------------+------------------------------------------------------------------------------------------------------------+
| User Input Data             | Confidence | Details                                               | Action                                                                                                     |
+-----------------------------+------------+-------------------------------------------------------+------------------------------------------------------------------------------------------------------------+
| Design implementation state | High       | Design is routed                                      |                                                                                                            |
| Clock nodes activity        | High       | User specified more than 95% of clocks                |                                                                                                            |
| I/O nodes activity          | Medium     | More than 5% of inputs are missing user specification | Provide missing input activity with simulation results or by editing the "By Resource Type -> I/Os" view   |
| Internal nodes activity     | Medium     | User specified less than 25% of internal nodes        | Provide missing internal nodes activity with simulation results or by editing the "By Resource Type" views |
| Device models               | High       | Device models are Production                          |                                                                                                            |
|                             |            |                                                       |                                                                                                            |
| Overall confidence level    | Medium     |                                                       |                                                                                                            |
+-----------------------------+------------+-------------------------------------------------------+------------------------------------------------------------------------------------------------------------+


2. Settings
-----------

2.1 Environment
---------------

+-----------------------+--------------------------+
| Ambient Temp (C)      | 25.0                     |
| ThetaJA (C/W)         | 4.9                      |
| Airflow (LFM)         | 250                      |
| Heat Sink             | medium (Medium Profile)  |
| ThetaSA (C/W)         | 4.6                      |
| Board Selection       | medium (10"x10")         |
| # of Board Layers     | 12to15 (12 to 15 Layers) |
| Board Temperature (C) | 25.0                     |
+-----------------------+--------------------------+


2.2 Clock Constraints
---------------------

+--------------------------------------------------------------------------------------------+----------------------------------------------------------------------+-----------------+
| Clock                                                                                      | Domain                                                               | Constraint (ns) |
+--------------------------------------------------------------------------------------------+----------------------------------------------------------------------+-----------------+
| clkfbout_system_clk_wiz_1_0                                                                | system_i/clk_wiz_1/inst/clkfbout_system_clk_wiz_1_0                  |            10.0 |
| dbg_hub/inst/BSCANID.u_xsdbm_id/SWITCH_N_EXT_BSCAN.bscan_inst/SERIES7_BSCAN.bscan_inst/TCK | dbg_hub/inst/BSCANID.u_xsdbm_id/SWITCH_N_EXT_BSCAN.bscan_inst/tck_bs |            33.0 |
| iclk                                                                                       | iclk                                                                 |            10.0 |
| oclk_out1_system_clk_wiz_1_0                                                               | system_i/clk_wiz_1/inst/oclk_out1_system_clk_wiz_1_0                 |            10.0 |
| system_i/mdm_1/U0/Use_E2.BSCAN_I/Use_E2.BSCANE2_I/DRCK                                     | system_i/mdm_1/U0/Use_E2.BSCAN_I/DRCK                                |            33.3 |
| system_i/mdm_1/U0/Use_E2.BSCAN_I/Use_E2.BSCANE2_I/UPDATE                                   | system_i/mdm_1/U0/Use_E2.BSCAN_I/Dbg_Update_0                        |            33.3 |
+--------------------------------------------------------------------------------------------+----------------------------------------------------------------------+-----------------+


3. Detailed Reports
-------------------

3.1 By Hierarchy
----------------

+-------------------------------+-----------+
| Name                          | Power (W) |
+-------------------------------+-----------+
| system_wrapper                |     0.157 |
|   dbg_hub                     |     0.003 |
|     inst                      |     0.003 |
|       BSCANID.u_xsdbm_id      |     0.003 |
|   system_i                    |     0.148 |
|     clk_wiz_1                 |     0.106 |
|       inst                    |     0.106 |
|     ila_1                     |     0.015 |
|       inst                    |     0.015 |
|     ila_2                     |     0.008 |
|       inst                    |     0.008 |
|     mdm_1                     |     0.001 |
|       U0                      |     0.001 |
|     microblaze_0              |     0.012 |
|       U0                      |     0.012 |
|     microblaze_0_local_memory |     0.004 |
|       lmb_bram                |     0.004 |
|   u_ila_0                     |     0.006 |
|     inst                      |     0.006 |
|       ila_core_inst           |     0.006 |
+-------------------------------+-----------+


