Copyright 1986-2019 Xilinx, Inc. All Rights Reserved.
------------------------------------------------------------------------------------------------------------------------------------
| Tool Version : Vivado v.2019.2 (lin64) Build 2708876 Wed Nov  6 21:39:14 MST 2019
| Date         : Tue May  7 23:03:18 2024
| Host         : krek07-HP-Laptop-15s-eq2xxx running 64-bit Ubuntu 22.04.3 LTS
| Command      : report_drc -file system_wrapper_drc_routed.rpt -pb system_wrapper_drc_routed.pb -rpx system_wrapper_drc_routed.rpx
| Design       : system_wrapper
| Device       : xc7s50csga324-1
| Speed File   : -1
| Design State : Fully Routed
------------------------------------------------------------------------------------------------------------------------------------

Report DRC

Table of Contents
-----------------
1. REPORT SUMMARY
2. REPORT DETAILS

1. REPORT SUMMARY
-----------------
            Netlist: netlist
          Floorplan: design_1
      Design limits: <entire design considered>
           Ruledeck: default
             Max violations: <unlimited>
             Violations found: 4
+-------------+----------+--------------------------------------------------------------------------+------------+
| Rule        | Severity | Description                                                              | Violations |
+-------------+----------+--------------------------------------------------------------------------+------------+
| CFGBVS-1    | Warning  | Missing CFGBVS and CONFIG_VOLTAGE Design Properties                      | 1          |
| LOCE-1      | Warning  | Pblock ranges contradict LOC constraints on logic assigned to the Pblock | 1          |
| PDRC-153    | Warning  | Gated clock check                                                        | 1          |
| PLHOLDVIO-2 | Warning  | Non-Optimal connections which could lead to hold violations              | 1          |
+-------------+----------+--------------------------------------------------------------------------+------------+

2. REPORT DETAILS
-----------------
CFGBVS-1#1 Warning
Missing CFGBVS and CONFIG_VOLTAGE Design Properties  
Neither the CFGBVS nor CONFIG_VOLTAGE voltage property is set in the current_design.  Configuration bank voltage select (CFGBVS) must be set to VCCO or GND, and CONFIG_VOLTAGE must be set to the correct configuration voltage, in order to determine the I/O voltage support for the pins in bank 0.  It is suggested to specify these either using the 'Edit Device Properties' function in the GUI or directly in the XDC file using the following syntax:

 set_property CFGBVS value1 [current_design]
 #where value1 is either VCCO or GND

 set_property CONFIG_VOLTAGE value2 [current_design]
 #where value2 is the voltage provided to configuration bank 0

Refer to the device configuration user guide for more information.
Related violations: <none>

LOCE-1#1 Warning
Pblock ranges contradict LOC constraints on logic assigned to the Pblock  - PBlock:pblock_arbiter_puf_0
Pblock pblock_arbiter_puf_0's ranges fail to contain LOC constraints on assigned instance system_i/arbiter_puf_0/inst/inst_dff/oq_reg (and 64 other instances).
Related violations: <none>

PDRC-153#1 Warning
Gated clock check  
Net system_i/arbiter_puf_0/inst/inst_delay_line/genblk1[32].inst_mux_2/oout is a gated clock net sourced by a combinational pin system_i/arbiter_puf_0/inst/inst_delay_line/genblk1[32].inst_mux_2/oout_INST_0/O, cell system_i/arbiter_puf_0/inst/inst_delay_line/genblk1[32].inst_mux_2/oout_INST_0. This is not good design practice and will likely impact performance. For SLICE registers, for example, use the CE pin to control the loading of data.
Related violations: <none>

PLHOLDVIO-2#1 Warning
Non-Optimal connections which could lead to hold violations  
A LUT system_i/arbiter_puf_0/inst/inst_delay_line/genblk1[32].inst_mux_2/oout_INST_0 is driving clock pin of 1 cells. This could lead to large hold time violations. Involved cells are:
system_i/arbiter_puf_0/inst/inst_dff/oq_reg
Related violations: <none>


